<html>
<head>
<title>TestNG:  Personal Loan</title>
<link href="../testng.css" rel="stylesheet" type="text/css" />
<link href="../my-testng.css" rel="stylesheet" type="text/css" />

<style type="text/css">
.log { display: none;} 
.stack-trace { display: none;} 
</style>
<script type="text/javascript">
<!--
function flip(e) {
  current = e.style.display;
  if (current == 'block') {
    e.style.display = 'none';
    return 0;
  }
  else {
    e.style.display = 'block';
    return 1;
  }
}

function toggleBox(szDivId, elem, msg1, msg2)
{
  var res = -1;  if (document.getElementById) {
    res = flip(document.getElementById(szDivId));
  }
  else if (document.all) {
    // this is the way old msie versions work
    res = flip(document.all[szDivId]);
  }
  if(elem) {
    if(res == 0) elem.innerHTML = msg1; else elem.innerHTML = msg2;
  }

}

function toggleAllBoxes() {
  if (document.getElementsByTagName) {
    d = document.getElementsByTagName('div');
    for (i = 0; i < d.length; i++) {
      if (d[i].className == 'log') {
        flip(d[i]);
      }
    }
  }
}

// -->
</script>

</head>
<body>
<h2 align='center'>Personal Loan</h2><table border='1' align="center">
<tr>
<td>Tests passed/Failed/Skipped:</td><td>11/1/1</td>
</tr><tr>
<td>Started on:</td><td>Mon Feb 13 20:24:08 IST 2023</td>
</tr>
<tr><td>Total time:</td><td>0 seconds (252 ms)</td>
</tr><tr>
<td>Included groups:</td><td></td>
</tr><tr>
<td>Excluded groups:</td><td></td>
</tr>
</table><p/>
<small><i>(Hover the method name to see the test class name)</i></small><p/>
<table width='100%' border='1' class='invocation-failed'>
<tr><td colspan='4' align='center'><b>FAILED TESTS</b></td></tr>
<tr><td><b>Test method</b></td>
<td width="30%"><b>Exception</b></td>
<td width="10%"><b>Time (seconds)</b></td>
<td><b>Instance</b></td>
</tr>
<tr>
<td title='test.Day4.webLoginCarLoan()'><b>webLoginCarLoan</b><br>Test class: test.Day4</td>
<td><div><pre>java.lang.AssertionError: expected [true] but found [false]
	at test.Day4.webLoginCarLoan(Day4.java:17)
	at java.base/java.util.ArrayList.forEach(ArrayList.java:1511)
	at java.base/java.util.concurrent.FutureTask.run(FutureTask.java:264)
	at java.base/java.util.concurrent.ThreadPoolExecutor.runWorker(ThreadPoolExecutor.java:1136)
	at java.base/java.util.concurrent.ThreadPoolExecutor$Worker.run(ThreadPoolExecutor.java:635)
	at java.base/java.lang.Thread.run(Thread.java:833)
... Removed 22 stack frames</pre></div><a href='#' onClick='toggleBox("stack-trace1800865146", this, "Click to show all stack frames", "Click to hide stack frames")'>Click to show all stack frames</a>
<div class='stack-trace' id='stack-trace1800865146'><pre>java.lang.AssertionError: expected [true] but found [false]
	at org.testng.Assert.fail(Assert.java:99)
	at org.testng.Assert.failNotEquals(Assert.java:1037)
	at org.testng.Assert.assertTrue(Assert.java:45)
	at org.testng.Assert.assertTrue(Assert.java:55)
	at test.Day4.webLoginCarLoan(Day4.java:17)
	at java.base/jdk.internal.reflect.NativeMethodAccessorImpl.invoke0(Native Method)
	at java.base/jdk.internal.reflect.NativeMethodAccessorImpl.invoke(NativeMethodAccessorImpl.java:77)
	at java.base/jdk.internal.reflect.DelegatingMethodAccessorImpl.invoke(DelegatingMethodAccessorImpl.java:43)
	at java.base/java.lang.reflect.Method.invoke(Method.java:568)
	at org.testng.internal.MethodInvocationHelper.invokeMethod(MethodInvocationHelper.java:133)
	at org.testng.internal.TestInvoker.invokeMethod(TestInvoker.java:598)
	at org.testng.internal.TestInvoker.invokeTestMethod(TestInvoker.java:173)
	at org.testng.internal.MethodRunner.runInSequence(MethodRunner.java:46)
	at org.testng.internal.TestInvoker$MethodInvocationAgent.invoke(TestInvoker.java:824)
	at org.testng.internal.TestInvoker.invokeTestMethods(TestInvoker.java:146)
	at org.testng.internal.TestMethodWorker.invokeTestMethods(TestMethodWorker.java:146)
	at org.testng.internal.TestMethodWorker.run(TestMethodWorker.java:128)
	at java.base/java.util.ArrayList.forEach(ArrayList.java:1511)
	at org.testng.TestRunner.privateRun(TestRunner.java:794)
	at org.testng.TestRunner.run(TestRunner.java:596)
	at org.testng.SuiteRunner.runTest(SuiteRunner.java:377)
	at org.testng.SuiteRunner.access$000(SuiteRunner.java:28)
	at org.testng.SuiteRunner$SuiteWorker.run(SuiteRunner.java:418)
	at org.testng.internal.thread.ThreadUtil.lambda$execute$0(ThreadUtil.java:64)
	at java.base/java.util.concurrent.FutureTask.run(FutureTask.java:264)
	at java.base/java.util.concurrent.ThreadPoolExecutor.runWorker(ThreadPoolExecutor.java:1136)
	at java.base/java.util.concurrent.ThreadPoolExecutor$Worker.run(ThreadPoolExecutor.java:635)
	at java.base/java.lang.Thread.run(Thread.java:833)
</pre></div></td>
<td>0</td>
<td>test.Day4@2a54a73f</td></tr>
</table><p>
<table width='100%' border='1' class='invocation-passed'>
<tr><td colspan='4' align='center'><b>PASSED TESTS</b></td></tr>
<tr><td><b>Test method</b></td>
<td width="30%"><b>Exception</b></td>
<td width="10%"><b>Time (seconds)</b></td>
<td><b>Instance</b></td>
</tr>
<tr>
<td title='test.Day3.MobileSigninHomeLoan()'><b>MobileSigninHomeLoan</b><br>Test class: test.Day3<br>Parameters: qaclickacademy.com</td>
<td></td>
<td>0</td>
<td>test.Day3@662b4c69</td></tr>
<tr>
<td title='test.Day3.webLoginHomeLoan()'><b>webLoginHomeLoan</b><br>Test class: test.Day3</td>
<td></td>
<td>0</td>
<td>test.Day3@662b4c69</td></tr>
<tr>
<td title='test.Day2.fourthTest()'><b>fourthTest</b><br>Test class: test.Day2</td>
<td></td>
<td>0</td>
<td>test.Day2@5403f35f</td></tr>
<tr>
<td title='test.Day4.MobileLoginCarLoan()'><b>MobileLoginCarLoan</b><br>Test class: test.Day4<br>Parameters: Shyam, dfgh</td>
<td></td>
<td>0</td>
<td>test.Day4@2a54a73f</td></tr>
<tr>
<td title='test.Day3.MobileLoginHomeLoan()'><b>MobileLoginHomeLoan</b><br>Test class: test.Day3</td>
<td></td>
<td>0</td>
<td>test.Day3@662b4c69</td></tr>
<tr>
<td title='test.Day1.secondTest()'><b>secondTest</b><br>Test class: test.Day1</td>
<td></td>
<td>0</td>
<td>test.Day1@3d5c822d</td></tr>
<tr>
<td title='test.Day3.LoginAPIHomeLoan()'><b>LoginAPIHomeLoan</b><br>Test class: test.Day3</td>
<td></td>
<td>0</td>
<td>test.Day3@662b4c69</td></tr>
<tr>
<td title='test.Day4.MobileLoginCarLoan()'><b>MobileLoginCarLoan</b><br>Test class: test.Day4<br>Parameters: Abhay, FGHGVJHKB</td>
<td></td>
<td>0</td>
<td>test.Day4@2a54a73f</td></tr>
<tr>
<td title='test.Day3.MobileSignupHomeLoan()'><b>MobileSignupHomeLoan</b><br>Test class: test.Day3</td>
<td></td>
<td>0</td>
<td>test.Day3@662b4c69</td></tr>
<tr>
<td title='test.Day4.MobileLoginCarLoan()'><b>MobileLoginCarLoan</b><br>Test class: test.Day4<br>Parameters: RAM, fghgjh</td>
<td></td>
<td>0</td>
<td>test.Day4@2a54a73f</td></tr>
<tr>
<td title='test.Day2.thirdTest()'><b>thirdTest</b><br>Test class: test.Day2<br>Parameters: qaclickacademy.com, dfhg451m</td>
<td></td>
<td>0</td>
<td>test.Day2@5403f35f</td></tr>
</table><p>
<table width='100%' border='1' class='invocation-skipped'>
<tr><td colspan='4' align='center'><b>SKIPPED TESTS</b></td></tr>
<tr><td><b>Test method</b></td>
<td width="30%"><b>Exception</b></td>
<td width="10%"><b>Time (seconds)</b></td>
<td><b>Instance</b></td>
</tr>
<tr>
<td title='test.Day4.LoginAPICarLoan()'><b>LoginAPICarLoan</b><br>Test class: test.Day4</td>
<td><div><pre>java.lang.Throwable: Method Day4.LoginAPICarLoan()[pri:0, instance:test.Day4@2a54a73f] depends on not successfully finished methods
	at java.base/java.util.ArrayList.forEach(ArrayList.java:1511)
	at java.base/java.util.concurrent.FutureTask.run(FutureTask.java:264)
	at java.base/java.util.concurrent.ThreadPoolExecutor.runWorker(ThreadPoolExecutor.java:1136)
	at java.base/java.util.concurrent.ThreadPoolExecutor$Worker.run(ThreadPoolExecutor.java:635)
	at java.base/java.lang.Thread.run(Thread.java:833)
... Removed 9 stack frames</pre></div><a href='#' onClick='toggleBox("stack-trace1533047371", this, "Click to show all stack frames", "Click to hide stack frames")'>Click to show all stack frames</a>
<div class='stack-trace' id='stack-trace1533047371'><pre>java.lang.Throwable: Method Day4.LoginAPICarLoan()[pri:0, instance:test.Day4@2a54a73f] depends on not successfully finished methods
	at org.testng.internal.TestInvoker.invokeTestMethods(TestInvoker.java:102)
	at org.testng.internal.TestMethodWorker.invokeTestMethods(TestMethodWorker.java:146)
	at org.testng.internal.TestMethodWorker.run(TestMethodWorker.java:128)
	at java.base/java.util.ArrayList.forEach(ArrayList.java:1511)
	at org.testng.TestRunner.privateRun(TestRunner.java:794)
	at org.testng.TestRunner.run(TestRunner.java:596)
	at org.testng.SuiteRunner.runTest(SuiteRunner.java:377)
	at org.testng.SuiteRunner.access$000(SuiteRunner.java:28)
	at org.testng.SuiteRunner$SuiteWorker.run(SuiteRunner.java:418)
	at org.testng.internal.thread.ThreadUtil.lambda$execute$0(ThreadUtil.java:64)
	at java.base/java.util.concurrent.FutureTask.run(FutureTask.java:264)
	at java.base/java.util.concurrent.ThreadPoolExecutor.runWorker(ThreadPoolExecutor.java:1136)
	at java.base/java.util.concurrent.ThreadPoolExecutor$Worker.run(ThreadPoolExecutor.java:635)
	at java.base/java.lang.Thread.run(Thread.java:833)
</pre></div></td>
<td>0</td>
<td>test.Day4@2a54a73f</td></tr>
</table><p>
</body>
</html>